\BOOKMARK [1][-]{chapter*.1}{Abstract}{}% 1
\BOOKMARK [1][-]{chapter*.2}{Dedication and Acknowledgements}{}% 2
\BOOKMARK [1][-]{section*.3}{Table of Contents}{}% 3
\BOOKMARK [1][-]{section*.4}{List of Figures}{}% 4
\BOOKMARK [1][-]{section*.5}{List of Tables}{}% 5
\BOOKMARK [0][-]{chapter.1}{Introduction}{}% 6
\BOOKMARK [1][-]{section.1.1}{Background information}{chapter.1}% 7
\BOOKMARK [1][-]{section.1.2}{Socioeconomic environment}{chapter.1}% 8
\BOOKMARK [1][-]{section.1.3}{Legal framework}{chapter.1}% 9
\BOOKMARK [1][-]{section.1.4}{Motivation}{chapter.1}% 10
\BOOKMARK [1][-]{section.1.5}{Project objectives}{chapter.1}% 11
\BOOKMARK [1][-]{section.1.6}{Methodology}{chapter.1}% 12
\BOOKMARK [1][-]{section.1.7}{Time planning}{chapter.1}% 13
\BOOKMARK [1][-]{section.1.8}{Budget}{chapter.1}% 14
\BOOKMARK [2][-]{subsection.1.8.1}{Personnel expenses}{section.1.8}% 15
\BOOKMARK [2][-]{subsection.1.8.2}{Software cost}{section.1.8}% 16
\BOOKMARK [2][-]{subsection.1.8.3}{Hardware cost}{section.1.8}% 17
\BOOKMARK [0][-]{chapter.2}{A brief introduction to Ardupilot}{}% 18
\BOOKMARK [1][-]{section.2.1}{Basic features}{chapter.2}% 19
\BOOKMARK [1][-]{section.2.2}{Ardupilot as part of a UAS}{chapter.2}% 20
\BOOKMARK [1][-]{section.2.3}{Advanced features}{chapter.2}% 21
\BOOKMARK [2][-]{subsection.2.3.1}{Flight modes}{section.2.3}% 22
\BOOKMARK [0][-]{chapter.3}{State of the art}{}% 23
\BOOKMARK [1][-]{section.3.1}{Environment sensing}{chapter.3}% 24
\BOOKMARK [2][-]{subsection.3.1.1}{Radar}{section.3.1}% 25
\BOOKMARK [2][-]{subsection.3.1.2}{Sonar}{section.3.1}% 26
\BOOKMARK [2][-]{subsection.3.1.3}{Lidar}{section.3.1}% 27
\BOOKMARK [2][-]{subsection.3.1.4}{Computer vision}{section.3.1}% 28
\BOOKMARK [2][-]{subsection.3.1.5}{Sensor comparison}{section.3.1}% 29
\BOOKMARK [1][-]{section.3.2}{Collision avoidance}{chapter.3}% 30
\BOOKMARK [2][-]{subsection.3.2.1}{TCAS on conventional aircraft}{section.3.2}% 31
\BOOKMARK [2][-]{subsection.3.2.2}{DJI Phantom 4}{section.3.2}% 32
\BOOKMARK [2][-]{subsection.3.2.3}{Tesla Motors}{section.3.2}% 33
\BOOKMARK [1][-]{section.3.3}{Real-time Guidance Navigation and Control \(GNC\)}{chapter.3}% 34
\BOOKMARK [2][-]{subsection.3.3.1}{University of Pennsylvania}{section.3.3}% 35
\BOOKMARK [2][-]{subsection.3.3.2}{ETH Z\374rich}{section.3.3}% 36
\BOOKMARK [0][-]{appendix.A}{Appendix A}{}% 37
\BOOKMARK [0][-]{section*.14}{Bibliography}{}% 38
